<?xml version="1.0" encoding="utf-8"?><testsuites name="pytest tests"><testsuite name="pytest" errors="0" failures="0" skipped="0" tests="51" time="44.739" timestamp="2026-09-09T09:33:49.542231-03:00" hostname="PROGE02"><testcase classname="tests.test_persistence" name="test_draft_preview_finalize_cancel_year" time="1.737" /><testcase classname="tests.test_persistence" name="test_unconfigured_database" time="0.686" /><testcase classname="tests.test_persistence" name="test_concurrent_numbering" time="1.993" /><testcase classname="tests.test_persistence" name="test_same_draft_concurrent" time="1.106" /><testcase classname="tests.test_persistence" name="test_generator_failure_rolls_back" time="0.915" /><testcase classname="tests.test_persistence" name="test_finalized_immutable" time="1.125" /><testcase classname="tests.test_persistence" name="test_restart_real_process" time="1.528" /><testcase classname="tests.test_persistence" name="test_catalog_edits_preserve_history" time="1.203" /><testcase classname="tests.test_persistence" name="test_duplicate_unique_constraint" time="1.056" /><testcase classname="tests.test_persistence" name="test_export_never_overwrites" time="0.985" /><testcase classname="tests.test_persistence" name="test_pdf_absent_is_recoverable" time="1.126" /><testcase classname="tests.test_persistence" name="test_sequence_admin_safeguards" time="1.071" /><testcase classname="tests.test_persistence" name="test_warning_confirmation" time="1.111" /><testcase classname="tests.test_persistence" name="test_backup" time="1.282" /><testcase classname="tests.test_persistence" name="test_office_assignment_atomic" time="0.957" /><testcase classname="tests.test_persistence" name="test_inactive_member_blocks_finalization" time="1.040" /><testcase classname="tests.test_persistence" name="test_duplicate_drops_manual_template_override" time="0.901" /><testcase classname="tests.test_ui" name="test_all_screens" time="3.385" /><testcase classname="tests.test_ui" name="test_ui_finalize" time="3.015" /><testcase classname="tests.test_wording" name="test_subprocuradoria" time="0.666" /><testcase classname="tests.test_wording" name="test_ouvidoria" time="0.723" /><testcase classname="tests.test_wording" name="test_cascade" time="0.727" /><testcase classname="tests.test_wording" name="test_acting_signer" time="0.651" /><testcase classname="tests.test_wording" name="test_dates[2026-09-08-2026-09-14-8 a 14 de setembro de 2026]" time="0.001" /><testcase classname="tests.test_wording" name="test_dates[2026-06-29-2026-07-09-29 de junho a 9 de julho de 2026]" time="0.001" /><testcase classname="tests.test_wording" name="test_dates[2026-12-29-2027-01-09-29 de dezembro de 2026 a 9 de janeiro de 2027]" time="0.001" /><testcase classname="tests.test_wording" name="test_dates[2028-02-28-2028-02-29-28 a 29 de fevereiro de 2028]" time="0.001" /><testcase classname="tests.test_wording" name="test_dates[2026-02-28-2026-03-01-28 de fevereiro a 1 de mar\xe7o de 2026]" time="0.001" /><testcase classname="tests.test_wording" name="test_dates[2026-02-01-2026-02-01-1 de fevereiro de 2026]" time="0.001" /><testcase classname="tests.test_wording" name="test_invalid_dates[2026-02-29-2026-03-01]" time="0.001" /><testcase classname="tests.test_wording" name="test_invalid_dates[2026-09-14-2026-09-08]" time="0.001" /><testcase classname="tests.test_wording" name="test_invalid_dates[0202-01-01-2026-01-01]" time="0.001" /><testcase classname="tests.test_wording" name="test_invalid_dates[202-09-08-2026-09-14]" time="0.001" /><testcase classname="tests.test_wording" name="test_validation[funcao-]" time="0.813" /><testcase classname="tests.test_wording" name="test_validation[base_legal-]" time="0.724" /><testcase classname="tests.test_wording" name="test_validation[motivo_texto-]" time="0.671" /><testcase classname="tests.test_wording" name="test_validation[assento-N\xe3o se aplica]" time="0.718" /><testcase classname="tests.test_wording" name="test_validation[substituto-None]" time="0.865" /><testcase classname="tests.test_wording" name="test_validation[titular-None]" time="0.822" /><testcase classname="tests.test_wording" name="test_validation[fim-2026-09-07]" time="1.058" /><testcase classname="tests.test_wording" name="test_same_person" time="0.734" /><testcase classname="tests.test_wording" name="test_manual_is_local" time="0.782" /><testcase classname="tests.test_wording" name="test_docx_package[5]" time="0.740" /><testcase classname="tests.test_wording" name="test_docx_package[6]" time="0.772" /><testcase classname="tests.test_wording" name="test_docx_package[8]" time="1.157" /><testcase classname="tests.test_wording" name="test_conflict_warning" time="0.923" /><testcase classname="tests.test_wording" name="test_independent_second_period" time="0.738" /><testcase classname="tests.test_wording" name="test_corregedoria_feminine_and_legal_note" time="0.731" /><testcase classname="tests.test_wording" name="test_signer_other_person_uses_nominal_target" time="0.738" /><testcase classname="tests.test_wording" name="test_custom_reason_preserved" time="0.678" /><testcase classname="tests.test_wording" name="test_three_substitutions_and_footnote" time="0.791" /></testsuite></testsuites>